2025-10-28 09:12:52,994 - INFO - Repo root: C:\lab-lens\data-pipeline
2025-10-28 09:12:52,995 - INFO - Input:     C:\lab-lens\data-pipeline\data\processed\mimic_cleaned.csv
2025-10-28 09:12:52,995 - INFO - Output:    C:\lab-lens\data-pipeline\data\processed\mimic_features.csv
2025-10-28 09:12:52,995 - INFO - Log file:  C:\lab-lens\data-pipeline\logs\feature_engineering.log
2025-10-28 09:12:52,995 - INFO - With sections: False
2025-10-28 09:12:53,277 - INFO - Loaded: 5000 rows, 17 cols
2025-10-28 09:12:53,278 - INFO - Computing sentence_count...
2025-10-28 09:12:53,845 - INFO - Counting disease/symptom/medication terms...
2025-10-28 09:13:49,087 - INFO - Deriving severity ratios...
2025-10-28 09:13:49,101 - INFO - Normalizing text metrics...
2025-10-28 09:13:49,102 - INFO - One-hot encoding selected demographics (top-k)...
2025-10-28 09:13:49,126 - INFO - Feature engineering complete.
2025-10-28 09:13:49,178 - INFO - Saved features → C:\lab-lens\data-pipeline\data\processed\mimic_features.csv
2025-10-28 09:13:49,179 - INFO - Final shape: 5000 rows, 43 cols
2025-10-28 09:13:53,340 - INFO - Repo root: C:\lab-lens\data-pipeline
2025-10-28 09:13:53,340 - INFO - Input:     C:\lab-lens\data-pipeline\data\processed\mimic_cleaned.csv
2025-10-28 09:13:53,341 - INFO - Output:    C:\lab-lens\data-pipeline\data\processed\mimic_features.csv
2025-10-28 09:13:53,341 - INFO - Log file:  C:\lab-lens\data-pipeline\logs\feature_engineering.log
2025-10-28 09:13:53,341 - INFO - With sections: True
2025-10-28 09:13:53,612 - INFO - Loaded: 5000 rows, 17 cols
2025-10-28 09:13:53,613 - INFO - Computing sentence_count...
2025-10-28 09:13:54,256 - INFO - Counting disease/symptom/medication terms...
2025-10-28 09:14:51,601 - INFO - Deriving severity ratios...
2025-10-28 09:14:51,614 - INFO - Normalizing text metrics...
2025-10-28 09:14:51,616 - INFO - Adding section flags and negation density...
2025-10-28 09:14:53,041 - INFO - One-hot encoding selected demographics (top-k)...
2025-10-28 09:14:53,067 - INFO - Feature engineering complete.
2025-10-28 09:14:53,128 - INFO - Saved features → C:\lab-lens\data-pipeline\data\processed\mimic_features.csv
2025-10-28 09:14:53,128 - INFO - Final shape: 5000 rows, 47 cols
